make  all-recursive
make[1]: Entering directory `/srv/win32builder/fixed_3104/libs/13_libxml2/libxml2-2.8.0'
Making all in include
make[2]: Entering directory `/srv/win32builder/fixed_3104/libs/13_libxml2/libxml2-2.8.0/include'
Making all in libxml
make[3]: Entering directory `/srv/win32builder/fixed_3104/libs/13_libxml2/libxml2-2.8.0/include/libxml'
make[3]: Nothing to be done for `all'.
make[3]: Leaving directory `/srv/win32builder/fixed_3104/libs/13_libxml2/libxml2-2.8.0/include/libxml'
make[3]: Entering directory `/srv/win32builder/fixed_3104/libs/13_libxml2/libxml2-2.8.0/include'
make[3]: Nothing to be done for `all-am'.
make[3]: Leaving directory `/srv/win32builder/fixed_3104/libs/13_libxml2/libxml2-2.8.0/include'
make[2]: Leaving directory `/srv/win32builder/fixed_3104/libs/13_libxml2/libxml2-2.8.0/include'
Making all in .
make[2]: Entering directory `/srv/win32builder/fixed_3104/libs/13_libxml2/libxml2-2.8.0'
  CC     SAX.lo
  CC     entities.lo
  CC     encoding.lo
  CC     error.lo
  CC     parserInternals.lo
  CC     parser.lo
In file included from /srv/win32builder/fixed_3104/build/win64/include/lzma.h:281:0,
                 from parser.c:83:
/srv/win32builder/fixed_3104/build/win64/include/lzma/base.h:218:30: warning: comma at end of enumerator list
parser.c: In function 'xmlAddSpecialAttr':
parser.c:1253:22: warning: cast to pointer from integer of different size
parser.c: In function 'xmlCleanSpecialAttrCallback':
parser.c:1272:10: warning: cast from pointer to integer of different size
parser.c: In function 'nameNsPush':
parser.c:1784:43: warning: cast to pointer from integer of different size
parser.c: In function 'xmlParseAttribute2':
parser.c:8756:22: warning: cast from pointer to integer of different size
parser.c: In function 'xmlParseTryOrFinish':
parser.c:11173:16: warning: cast from pointer to integer of different size
parser.c: In function 'xmlParseInNodeContext':
parser.c:13084:9: warning: pointer targets in passing argument 1 of 'xmlFindCharEncodingHandler' differ in signedness
./include/libxml/encoding.h:175:2: note: expected 'const char *' but argument is of type 'const xmlChar *'
  CC     tree.lo
  CC     hash.lo
  CC     list.lo
  CC     xmlIO.lo
In file included from /srv/win32builder/fixed_3104/build/win64/include/lzma.h:281:0,
                 from xmlIO.c:39:
/srv/win32builder/fixed_3104/build/win64/include/lzma/base.h:218:30: warning: comma at end of enumerator list
In file included from ./include/libxml/nanoftp.h:20:0,
                 from xmlIO.c:92:
/usr/x86_64-w64-mingw32/sys-root/mingw/include/winsock2.h:15:2: warning: #warning Please include winsock2.h before windows.h
xmlIO.c: In function 'xmlFdRead':
xmlIO.c:811:22: warning: cast from pointer to integer of different size
xmlIO.c: In function 'xmlFdWrite':
xmlIO.c:832:20: warning: cast from pointer to integer of different size
xmlIO.c: In function 'xmlFdClose':
xmlIO.c:850:23: warning: cast from pointer to integer of different size
xmlIO.c: In function 'xmlParserInputBufferCreateFd':
xmlIO.c:2945:24: warning: cast to pointer from integer of different size
xmlIO.c: In function 'xmlParserInputBufferCreateMem':
xmlIO.c:2967:9: warning: declaration of 'errcode' shadows a global declaration
xmlIO.c: In function 'xmlOutputBufferCreateFd':
xmlIO.c:3051:24: warning: cast to pointer from integer of different size
  CC     xmlmemory.lo
xmlmemory.c: In function 'xmlMemFree':
xmlmemory.c:466:33: warning: cast from pointer to integer of different size
  CC     uri.lo
uri.c: In function 'xmlCanonicPath':
uri.c:2544:14: warning: pointer targets in assignment differ in signedness
uri.c:2553:4: warning: pointer targets in assignment differ in signedness
uri.c:2554:2: warning: pointer targets in passing argument 1 of 'strncpy' differ in signedness
/usr/x86_64-w64-mingw32/sys-root/mingw/include/string.h:79:9: note: expected 'char * __restrict__' but argument is of type 'xmlChar *'
uri.c:2554:2: warning: pointer targets in passing argument 2 of 'strncpy' differ in signedness
/usr/x86_64-w64-mingw32/sys-root/mingw/include/string.h:79:9: note: expected 'const char * __restrict__' but argument is of type 'const xmlChar *'
uri.c:2556:12: warning: pointer targets in assignment differ in signedness
uri.c:2561:4: warning: pointer targets in assignment differ in signedness
uri.c:2475:9: warning: unused variable 'i'
  CC     valid.lo
  CC     xlink.lo
  CC     HTMLparser.lo
  CC     HTMLtree.lo
  CC     debugXML.lo
  CC     xpath.lo
xpath.c: In function 'xmlXPathOrderDocElems':
xpath.c:2849:21: warning: cast to pointer from integer of different size
xpath.c: In function 'xmlXPathCmpNodes':
xpath.c:2941:7: warning: cast from pointer to integer of different size
xpath.c:2942:7: warning: cast from pointer to integer of different size
xpath.c:2946:9: warning: cast from pointer to integer of different size
xpath.c:2947:9: warning: cast from pointer to integer of different size
xpath.c:3004:7: warning: cast from pointer to integer of different size
xpath.c:3005:7: warning: cast from pointer to integer of different size
xpath.c:3009:9: warning: cast from pointer to integer of different size
xpath.c:3010:9: warning: cast from pointer to integer of different size
xpath.c: In function 'xmlXPathCmpNodesExt':
xpath.c:3055:12: warning: cast from pointer to integer of different size
xpath.c:3056:12: warning: cast from pointer to integer of different size
xpath.c:3059:14: warning: cast from pointer to integer of different size
xpath.c:3060:14: warning: cast from pointer to integer of different size
xpath.c:3105:9: warning: cast from pointer to integer of different size
xpath.c:3155:9: warning: cast from pointer to integer of different size
xpath.c:3228:7: warning: cast from pointer to integer of different size
xpath.c:3229:7: warning: cast from pointer to integer of different size
xpath.c:3232:9: warning: cast from pointer to integer of different size
xpath.c:3233:9: warning: cast from pointer to integer of different size
xpath.c:3296:7: warning: cast from pointer to integer of different size
xpath.c:3297:7: warning: cast from pointer to integer of different size
xpath.c:3300:9: warning: cast from pointer to integer of different size
xpath.c:3301:9: warning: cast from pointer to integer of different size
xpath.c: In function 'xmlXPathRegisterFuncNS':
xpath.c:4800:5: warning: ISO C forbids passing argument 4 of 'xmlHashAddEntry2' between function pointer and 'void *'
./include/libxml/hash.h:128:4: note: expected 'void *' but argument is of type 'xmlXPathFunction'
xpath.c: In function 'xmlXPathFunctionLookupNS':
xpath.c:4881:24: warning: ISO C forbids assignment between function pointer and 'void *'
xpath.c: In function 'xmlXPathCompOpEval':
xpath.c:13456:41: warning: ISO C forbids assignment between function pointer and 'void *'
xpath.c:13483:31: warning: ISO C forbids assignment between function pointer and 'void *'
xpath.c: At top level:
trionan.c:218:1: warning: 'trio_is_negative' defined but not used
  CC     xpointer.lo
  CC     xinclude.lo
  CC     nanohttp.lo
In file included from ./include/wsockcompat.h:12:0,
                 from nanohttp.c:81:
/usr/x86_64-w64-mingw32/sys-root/mingw/include/winsock2.h:15:2: warning: #warning Please include winsock2.h before windows.h
nanohttp.c: In function 'xmlNanoHTTPConnectAttempt':
nanohttp.c:992:9: warning: pointer targets in passing argument 5 of 'getsockopt' differ in signedness
/usr/x86_64-w64-mingw32/sys-root/mingw/include/winsock2.h:1003:34: note: expected 'int *' but argument is of type 'unsigned int *'
nanohttp.c: In function 'xmlNanoHTTPConnectHost':
nanohttp.c:1039:9: warning: unused variable 'i'
nanohttp.c:1032:20: warning: unused variable 'ia'
nanohttp.c:1030:21: warning: unused variable 'h'
  CC     nanoftp.lo
In file included from ./include/libxml/nanoftp.h:20:0,
                 from nanoftp.c:69:
/usr/x86_64-w64-mingw32/sys-root/mingw/include/winsock2.h:15:2: warning: #warning Please include winsock2.h before windows.h
nanoftp.c: In function 'xmlNanoFTPGetConnection':
nanoftp.c:1471:43: warning: pointer targets in passing argument 3 of 'getsockname' differ in signedness
/usr/x86_64-w64-mingw32/sys-root/mingw/include/winsock2.h:1002:34: note: expected 'int *' but argument is of type 'unsigned int *'
nanoftp.c:1484:43: warning: pointer targets in passing argument 3 of 'getsockname' differ in signedness
/usr/x86_64-w64-mingw32/sys-root/mingw/include/winsock2.h:1002:34: note: expected 'int *' but argument is of type 'unsigned int *'
  CC     DOCBparser.lo
  CC     catalog.lo
catalog.c: In function 'xmlLoadCatalogs':
catalog.c:3248:9: warning: pointer targets in passing argument 1 of 'strlen' differ in signedness
/usr/x86_64-w64-mingw32/sys-root/mingw/include/string.h:54:18: note: expected 'const char *' but argument is of type 'xmlChar *'
  CC     globals.lo
  CC     threads.lo
threads.c: In function '__xmlGlobalInitMutexLock':
threads.c:459:9: warning: passing argument 1 of '_InterlockedCompareExchangePointer' from incompatible pointer type
/usr/x86_64-w64-mingw32/sys-root/mingw/include/winbase.h:981:18: note: expected 'void * volatile*' but argument is of type 'struct _RTL_CRITICAL_SECTION * volatile*'
threads.c: In function 'xmlOnceInit':
threads.c:959:9: warning: pointer targets in passing argument 1 of '_InterlockedIncrement' differ in signedness
/usr/x86_64-w64-mingw32/sys-root/mingw/include/winnt.h:1967:37: note: expected 'volatile LONG *' but argument is of type 'DWORD *'
threads.c: At top level:
threads.c:1001:1: warning: no previous prototype for 'DllMain'
threads.c: In function 'DllMain':
threads.c:1001:19: warning: unused parameter 'hinstDLL'
threads.c:1001:53: warning: unused parameter 'lpvReserved'
  CC     c14n.lo
  CC     xmlstring.lo
  CC     xmlregexp.lo
  CC     xmlschemas.lo
  CC     xmlschemastypes.lo
  CC     xmlunicode.lo
  CC     xmlreader.lo
  CC     relaxng.lo
relaxng.c: In function 'xmlRelaxNGComputeInterleaves':
relaxng.c:4403:44: warning: cast to pointer from integer of different size
relaxng.c:4411:48: warning: cast to pointer from integer of different size
relaxng.c:4415:48: warning: cast to pointer from integer of different size
relaxng.c:4422:48: warning: cast to pointer from integer of different size
relaxng.c:4426:48: warning: cast to pointer from integer of different size
relaxng.c: In function 'xmlRelaxNGValidateInterleave':
relaxng.c:9367:22: warning: cast from pointer to integer of different size
  CC     dict.lo
  CC     SAX2.lo
  CC     xmlwriter.lo
  CC     legacy.lo
  CC     chvalid.lo
  CC     pattern.lo
  CC     xmlsave.lo
  CC     xmlmodule.lo
xmlmodule.c: In function 'xmlModulePlatformSymbol':
xmlmodule.c:329:13: warning: ISO C forbids assignment between function pointer and 'void *'
  CC     schematron.lo
  CC     xzlib.lo
In file included from /srv/win32builder/fixed_3104/build/win64/include/lzma.h:281:0,
                 from xzlib.c:37:
/srv/win32builder/fixed_3104/build/win64/include/lzma/base.h:218:30: warning: comma at end of enumerator list
  CCLD   libxml2.la
Creating library file: .libs/libxml2.dll.a
  CC     testdso.lo
  CCLD   testdso.la
Creating library file: .libs/testdso.dll.a
  CC     xmllint.o
xmllint.c:31:0: warning: "_WINSOCKAPI_" redefined
config.h:296:0: note: this is the location of the previous definition
In file included from ./include/wsockcompat.h:12:0,
                 from xmllint.c:32:
/usr/x86_64-w64-mingw32/sys-root/mingw/include/winsock2.h:15:2: warning: #warning Please include winsock2.h before windows.h
  CCLD   xmllint.exe
libtool: link: Could not determine the host path corresponding to
libtool: link:   `/srv/win32builder/fixed_3104/libs/13_libxml2/libxml2-2.8.0/.libs:/srv/win32builder/fixed_3104/build/win64/lib'
libtool: link: Continuing, but uninstalled executables may not work.
libtool: link: Could not determine the host path corresponding to
libtool: link:   `/srv/win32builder/fixed_3104/build/win64/lib:/srv/win32builder/fixed_3104/build/win64/bin:/srv/win32builder/fixed_3104/build/win64/lib64:/srv/win32builder/fixed_3104/libs/13_libxml2/libxml2-2.8.0/.libs'
libtool: link: Continuing, but uninstalled executables may not work.
  CC     xmlcatalog.o
  CCLD   xmlcatalog.exe
libtool: link: Could not determine the host path corresponding to
libtool: link:   `/srv/win32builder/fixed_3104/libs/13_libxml2/libxml2-2.8.0/.libs:/srv/win32builder/fixed_3104/build/win64/lib'
libtool: link: Continuing, but uninstalled executables may not work.
libtool: link: Could not determine the host path corresponding to
libtool: link:   `/srv/win32builder/fixed_3104/build/win64/lib:/srv/win32builder/fixed_3104/build/win64/bin:/srv/win32builder/fixed_3104/build/win64/lib64:/srv/win32builder/fixed_3104/libs/13_libxml2/libxml2-2.8.0/.libs'
libtool: link: Continuing, but uninstalled executables may not work.
  CC     testSchemas.o
  CCLD   testSchemas.exe
libtool: link: Could not determine the host path corresponding to
libtool: link:   `/srv/win32builder/fixed_3104/libs/13_libxml2/libxml2-2.8.0/.libs:/srv/win32builder/fixed_3104/build/win64/lib'
libtool: link: Continuing, but uninstalled executables may not work.
libtool: link: Could not determine the host path corresponding to
libtool: link:   `/srv/win32builder/fixed_3104/build/win64/lib:/srv/win32builder/fixed_3104/build/win64/bin:/srv/win32builder/fixed_3104/build/win64/lib64:/srv/win32builder/fixed_3104/libs/13_libxml2/libxml2-2.8.0/.libs'
libtool: link: Continuing, but uninstalled executables may not work.
  CC     testRelax.o
  CCLD   testRelax.exe
libtool: link: Could not determine the host path corresponding to
libtool: link:   `/srv/win32builder/fixed_3104/libs/13_libxml2/libxml2-2.8.0/.libs:/srv/win32builder/fixed_3104/build/win64/lib'
libtool: link: Continuing, but uninstalled executables may not work.
libtool: link: Could not determine the host path corresponding to
libtool: link:   `/srv/win32builder/fixed_3104/build/win64/lib:/srv/win32builder/fixed_3104/build/win64/bin:/srv/win32builder/fixed_3104/build/win64/lib64:/srv/win32builder/fixed_3104/libs/13_libxml2/libxml2-2.8.0/.libs'
libtool: link: Continuing, but uninstalled executables may not work.
  CC     testSAX.o
  CCLD   testSAX.exe
libtool: link: Could not determine the host path corresponding to
libtool: link:   `/srv/win32builder/fixed_3104/libs/13_libxml2/libxml2-2.8.0/.libs:/srv/win32builder/fixed_3104/build/win64/lib'
libtool: link: Continuing, but uninstalled executables may not work.
libtool: link: Could not determine the host path corresponding to
libtool: link:   `/srv/win32builder/fixed_3104/build/win64/lib:/srv/win32builder/fixed_3104/build/win64/bin:/srv/win32builder/fixed_3104/build/win64/lib64:/srv/win32builder/fixed_3104/libs/13_libxml2/libxml2-2.8.0/.libs'
libtool: link: Continuing, but uninstalled executables may not work.
  CC     testHTML.o
  CCLD   testHTML.exe
libtool: link: Could not determine the host path corresponding to
libtool: link:   `/srv/win32builder/fixed_3104/libs/13_libxml2/libxml2-2.8.0/.libs:/srv/win32builder/fixed_3104/build/win64/lib'
libtool: link: Continuing, but uninstalled executables may not work.
libtool: link: Could not determine the host path corresponding to
libtool: link:   `/srv/win32builder/fixed_3104/build/win64/lib:/srv/win32builder/fixed_3104/build/win64/bin:/srv/win32builder/fixed_3104/build/win64/lib64:/srv/win32builder/fixed_3104/libs/13_libxml2/libxml2-2.8.0/.libs'
libtool: link: Continuing, but uninstalled executables may not work.
  CC     testXPath.o
  CCLD   testXPath.exe
libtool: link: Could not determine the host path corresponding to
libtool: link:   `/srv/win32builder/fixed_3104/libs/13_libxml2/libxml2-2.8.0/.libs:/srv/win32builder/fixed_3104/build/win64/lib'
libtool: link: Continuing, but uninstalled executables may not work.
libtool: link: Could not determine the host path corresponding to
libtool: link:   `/srv/win32builder/fixed_3104/build/win64/lib:/srv/win32builder/fixed_3104/build/win64/bin:/srv/win32builder/fixed_3104/build/win64/lib64:/srv/win32builder/fixed_3104/libs/13_libxml2/libxml2-2.8.0/.libs'
libtool: link: Continuing, but uninstalled executables may not work.
  CC     testURI.o
  CCLD   testURI.exe
libtool: link: Could not determine the host path corresponding to
libtool: link:   `/srv/win32builder/fixed_3104/libs/13_libxml2/libxml2-2.8.0/.libs:/srv/win32builder/fixed_3104/build/win64/lib'
libtool: link: Continuing, but uninstalled executables may not work.
libtool: link: Could not determine the host path corresponding to
libtool: link:   `/srv/win32builder/fixed_3104/build/win64/lib:/srv/win32builder/fixed_3104/build/win64/bin:/srv/win32builder/fixed_3104/build/win64/lib64:/srv/win32builder/fixed_3104/libs/13_libxml2/libxml2-2.8.0/.libs'
libtool: link: Continuing, but uninstalled executables may not work.
  CC     testThreadsWin32.o
testThreadsWin32.c:21:5: warning: initialization discards qualifiers from pointer target type
testThreadsWin32.c:22:5: warning: initialization discards qualifiers from pointer target type
testThreadsWin32.c:23:5: warning: initialization discards qualifiers from pointer target type
testThreadsWin32.c:24:5: warning: initialization discards qualifiers from pointer target type
testThreadsWin32.c:25:5: warning: initialization discards qualifiers from pointer target type
testThreadsWin32.c:26:5: warning: initialization discards qualifiers from pointer target type
testThreadsWin32.c:27:5: warning: initialization discards qualifiers from pointer target type
testThreadsWin32.c: In function 'thread_specific_data':
testThreadsWin32.c:81:10: warning: cast from pointer to integer of different size
testThreadsWin32.c:82:13: warning: cast from pointer to integer of different size
testThreadsWin32.c: At top level:
testThreadsWin32.c:86:1: warning: function declaration isn't a prototype
testThreadsWin32.c: In function 'main':
testThreadsWin32.c:132:25: warning: cast from pointer to integer of different size
  CCLD   testThreads.exe
libtool: link: Could not determine the host path corresponding to
libtool: link:   `/srv/win32builder/fixed_3104/libs/13_libxml2/libxml2-2.8.0/.libs:/srv/win32builder/fixed_3104/build/win64/lib'
libtool: link: Continuing, but uninstalled executables may not work.
libtool: link: Could not determine the host path corresponding to
libtool: link:   `/srv/win32builder/fixed_3104/build/win64/lib:/srv/win32builder/fixed_3104/build/win64/bin:/srv/win32builder/fixed_3104/build/win64/lib64:/srv/win32builder/fixed_3104/libs/13_libxml2/libxml2-2.8.0/.libs'
libtool: link: Continuing, but uninstalled executables may not work.
  CC     testC14N.o
  CCLD   testC14N.exe
libtool: link: Could not determine the host path corresponding to
libtool: link:   `/srv/win32builder/fixed_3104/libs/13_libxml2/libxml2-2.8.0/.libs:/srv/win32builder/fixed_3104/build/win64/lib'
libtool: link: Continuing, but uninstalled executables may not work.
libtool: link: Could not determine the host path corresponding to
libtool: link:   `/srv/win32builder/fixed_3104/build/win64/lib:/srv/win32builder/fixed_3104/build/win64/bin:/srv/win32builder/fixed_3104/build/win64/lib64:/srv/win32builder/fixed_3104/libs/13_libxml2/libxml2-2.8.0/.libs'
libtool: link: Continuing, but uninstalled executables may not work.
  CC     testAutomata.o
  CCLD   testAutomata.exe
libtool: link: Could not determine the host path corresponding to
libtool: link:   `/srv/win32builder/fixed_3104/libs/13_libxml2/libxml2-2.8.0/.libs:/srv/win32builder/fixed_3104/build/win64/lib'
libtool: link: Continuing, but uninstalled executables may not work.
libtool: link: Could not determine the host path corresponding to
libtool: link:   `/srv/win32builder/fixed_3104/build/win64/lib:/srv/win32builder/fixed_3104/build/win64/bin:/srv/win32builder/fixed_3104/build/win64/lib64:/srv/win32builder/fixed_3104/libs/13_libxml2/libxml2-2.8.0/.libs'
libtool: link: Continuing, but uninstalled executables may not work.
  CC     testRegexp.o
  CCLD   testRegexp.exe
libtool: link: Could not determine the host path corresponding to
libtool: link:   `/srv/win32builder/fixed_3104/libs/13_libxml2/libxml2-2.8.0/.libs:/srv/win32builder/fixed_3104/build/win64/lib'
libtool: link: Continuing, but uninstalled executables may not work.
libtool: link: Could not determine the host path corresponding to
libtool: link:   `/srv/win32builder/fixed_3104/build/win64/lib:/srv/win32builder/fixed_3104/build/win64/bin:/srv/win32builder/fixed_3104/build/win64/lib64:/srv/win32builder/fixed_3104/libs/13_libxml2/libxml2-2.8.0/.libs'
libtool: link: Continuing, but uninstalled executables may not work.
  CC     testReader.o
  CCLD   testReader.exe
libtool: link: Could not determine the host path corresponding to
libtool: link:   `/srv/win32builder/fixed_3104/libs/13_libxml2/libxml2-2.8.0/.libs:/srv/win32builder/fixed_3104/build/win64/lib'
libtool: link: Continuing, but uninstalled executables may not work.
libtool: link: Could not determine the host path corresponding to
libtool: link:   `/srv/win32builder/fixed_3104/build/win64/lib:/srv/win32builder/fixed_3104/build/win64/bin:/srv/win32builder/fixed_3104/build/win64/lib64:/srv/win32builder/fixed_3104/libs/13_libxml2/libxml2-2.8.0/.libs'
libtool: link: Continuing, but uninstalled executables may not work.
  CC     testapi.o
In file included from ./include/libxml/nanoftp.h:20:0,
                 from testapi.c:180:
/usr/x86_64-w64-mingw32/sys-root/mingw/include/winsock2.h:15:2: warning: #warning Please include winsock2.h before windows.h
testapi.c:18015:25: warning: 'gen_xmlSchematronPtr' defined but not used
testapi.c:18018:13: warning: 'des_xmlSchematronPtr' defined but not used
testapi.c:18035:35: warning: 'gen_xmlSchematronParserCtxtPtr' defined but not used
testapi.c:18038:13: warning: 'des_xmlSchematronParserCtxtPtr' defined but not used
testapi.c:34265:27: warning: 'gen_xmlSAXHandlerPtr_ptr' defined but not used
testapi.c:34268:13: warning: 'des_xmlSAXHandlerPtr_ptr' defined but not used
  CCLD   testapi.exe
libtool: link: Could not determine the host path corresponding to
libtool: link:   `/srv/win32builder/fixed_3104/libs/13_libxml2/libxml2-2.8.0/.libs:/srv/win32builder/fixed_3104/build/win64/lib'
libtool: link: Continuing, but uninstalled executables may not work.
libtool: link: Could not determine the host path corresponding to
libtool: link:   `/srv/win32builder/fixed_3104/build/win64/lib:/srv/win32builder/fixed_3104/build/win64/bin:/srv/win32builder/fixed_3104/build/win64/lib64:/srv/win32builder/fixed_3104/libs/13_libxml2/libxml2-2.8.0/.libs'
libtool: link: Continuing, but uninstalled executables may not work.
  CC     testModule.o
  CCLD   testModule.exe
libtool: link: Could not determine the host path corresponding to
libtool: link:   `/srv/win32builder/fixed_3104/libs/13_libxml2/libxml2-2.8.0/.libs:/srv/win32builder/fixed_3104/build/win64/lib'
libtool: link: Continuing, but uninstalled executables may not work.
libtool: link: Could not determine the host path corresponding to
libtool: link:   `/srv/win32builder/fixed_3104/build/win64/lib:/srv/win32builder/fixed_3104/build/win64/bin:/srv/win32builder/fixed_3104/build/win64/lib64:/srv/win32builder/fixed_3104/libs/13_libxml2/libxml2-2.8.0/.libs'
libtool: link: Continuing, but uninstalled executables may not work.
  CC     runtest.o
runtest.c: In function 'glob':
runtest.c:121:42: warning: unused parameter 'flags'
runtest.c:122:21: warning: unused parameter 'errfunc'
runtest.c: In function 'win32_thread_specific_data':
runtest.c:4006:12: warning: cast from pointer to integer of different size
runtest.c: In function 'testThread':
runtest.c:4058:31: warning: cast from pointer to integer of different size
  CCLD   runtest.exe
libtool: link: Could not determine the host path corresponding to
libtool: link:   `/srv/win32builder/fixed_3104/libs/13_libxml2/libxml2-2.8.0/.libs:/srv/win32builder/fixed_3104/build/win64/lib'
libtool: link: Continuing, but uninstalled executables may not work.
libtool: link: Could not determine the host path corresponding to
libtool: link:   `/srv/win32builder/fixed_3104/build/win64/lib:/srv/win32builder/fixed_3104/build/win64/bin:/srv/win32builder/fixed_3104/build/win64/lib64:/srv/win32builder/fixed_3104/libs/13_libxml2/libxml2-2.8.0/.libs'
libtool: link: Continuing, but uninstalled executables may not work.
  CC     runsuite.o
  CCLD   runsuite.exe
libtool: link: Could not determine the host path corresponding to
libtool: link:   `/srv/win32builder/fixed_3104/libs/13_libxml2/libxml2-2.8.0/.libs:/srv/win32builder/fixed_3104/build/win64/lib'
libtool: link: Continuing, but uninstalled executables may not work.
libtool: link: Could not determine the host path corresponding to
libtool: link:   `/srv/win32builder/fixed_3104/build/win64/lib:/srv/win32builder/fixed_3104/build/win64/bin:/srv/win32builder/fixed_3104/build/win64/lib64:/srv/win32builder/fixed_3104/libs/13_libxml2/libxml2-2.8.0/.libs'
libtool: link: Continuing, but uninstalled executables may not work.
  CC     testchar.o
  CCLD   testchar.exe
libtool: link: Could not determine the host path corresponding to
libtool: link:   `/srv/win32builder/fixed_3104/libs/13_libxml2/libxml2-2.8.0/.libs:/srv/win32builder/fixed_3104/build/win64/lib'
libtool: link: Continuing, but uninstalled executables may not work.
libtool: link: Could not determine the host path corresponding to
libtool: link:   `/srv/win32builder/fixed_3104/build/win64/lib:/srv/win32builder/fixed_3104/build/win64/bin:/srv/win32builder/fixed_3104/build/win64/lib64:/srv/win32builder/fixed_3104/libs/13_libxml2/libxml2-2.8.0/.libs'
libtool: link: Continuing, but uninstalled executables may not work.
  CC     testdict.o
  CCLD   testdict.exe
libtool: link: Could not determine the host path corresponding to
libtool: link:   `/srv/win32builder/fixed_3104/libs/13_libxml2/libxml2-2.8.0/.libs:/srv/win32builder/fixed_3104/build/win64/lib'
libtool: link: Continuing, but uninstalled executables may not work.
libtool: link: Could not determine the host path corresponding to
libtool: link:   `/srv/win32builder/fixed_3104/build/win64/lib:/srv/win32builder/fixed_3104/build/win64/bin:/srv/win32builder/fixed_3104/build/win64/lib64:/srv/win32builder/fixed_3104/libs/13_libxml2/libxml2-2.8.0/.libs'
libtool: link: Continuing, but uninstalled executables may not work.
  CC     runxmlconf.o
  CCLD   runxmlconf.exe
libtool: link: Could not determine the host path corresponding to
libtool: link:   `/srv/win32builder/fixed_3104/libs/13_libxml2/libxml2-2.8.0/.libs:/srv/win32builder/fixed_3104/build/win64/lib'
libtool: link: Continuing, but uninstalled executables may not work.
libtool: link: Could not determine the host path corresponding to
libtool: link:   `/srv/win32builder/fixed_3104/build/win64/lib:/srv/win32builder/fixed_3104/build/win64/bin:/srv/win32builder/fixed_3104/build/win64/lib64:/srv/win32builder/fixed_3104/libs/13_libxml2/libxml2-2.8.0/.libs'
libtool: link: Continuing, but uninstalled executables may not work.
  CC     testrecurse.o
testrecurse.c: In function 'glob':
testrecurse.c:75:42: warning: unused parameter 'flags'
testrecurse.c:76:21: warning: unused parameter 'errfunc'
  CCLD   testrecurse.exe
libtool: link: Could not determine the host path corresponding to
libtool: link:   `/srv/win32builder/fixed_3104/libs/13_libxml2/libxml2-2.8.0/.libs:/srv/win32builder/fixed_3104/build/win64/lib'
libtool: link: Continuing, but uninstalled executables may not work.
libtool: link: Could not determine the host path corresponding to
libtool: link:   `/srv/win32builder/fixed_3104/build/win64/lib:/srv/win32builder/fixed_3104/build/win64/bin:/srv/win32builder/fixed_3104/build/win64/lib64:/srv/win32builder/fixed_3104/libs/13_libxml2/libxml2-2.8.0/.libs'
libtool: link: Continuing, but uninstalled executables may not work.
sed -e 's?\@XML_LIBDIR\@?-L/srv/win32builder/fixed_3104/build/win64/lib?g' \
	    -e 's?\@XML_INCLUDEDIR\@?-I/srv/win32builder/fixed_3104/build/win64/include/libxml2?g' \
	    -e 's?\@VERSION\@?2.8.0?g' \
	    -e 's?\@XML_LIBS\@?-lxml2 -lz   -liconv  ?g' \
	       < ./xml2Conf.sh.in > xml2Conf.tmp \
	&& mv xml2Conf.tmp xml2Conf.sh
make[2]: Leaving directory `/srv/win32builder/fixed_3104/libs/13_libxml2/libxml2-2.8.0'
Making all in doc
make[2]: Entering directory `/srv/win32builder/fixed_3104/libs/13_libxml2/libxml2-2.8.0/doc'
Making all in devhelp
make[3]: Entering directory `/srv/win32builder/fixed_3104/libs/13_libxml2/libxml2-2.8.0/doc/devhelp'
make[3]: Nothing to be done for `all'.
make[3]: Leaving directory `/srv/win32builder/fixed_3104/libs/13_libxml2/libxml2-2.8.0/doc/devhelp'
Making all in examples
make[3]: Entering directory `/srv/win32builder/fixed_3104/libs/13_libxml2/libxml2-2.8.0/doc/examples'
  CC     xpath2.o
  CCLD   xpath2.exe
libtool: link: Could not determine the host path corresponding to
libtool: link:   `/srv/win32builder/fixed_3104/libs/13_libxml2/libxml2-2.8.0/.libs:/srv/win32builder/fixed_3104/build/win64/lib'
libtool: link: Continuing, but uninstalled executables may not work.
libtool: link: Could not determine the host path corresponding to
libtool: link:   `/srv/win32builder/fixed_3104/build/win64/lib:/srv/win32builder/fixed_3104/build/win64/bin:/srv/win32builder/fixed_3104/build/win64/lib64:/srv/win32builder/fixed_3104/libs/13_libxml2/libxml2-2.8.0/.libs'
libtool: link: Continuing, but uninstalled executables may not work.
  CC     reader1.o
  CCLD   reader1.exe
libtool: link: Could not determine the host path corresponding to
libtool: link:   `/srv/win32builder/fixed_3104/libs/13_libxml2/libxml2-2.8.0/.libs:/srv/win32builder/fixed_3104/build/win64/lib'
libtool: link: Continuing, but uninstalled executables may not work.
libtool: link: Could not determine the host path corresponding to
libtool: link:   `/srv/win32builder/fixed_3104/build/win64/lib:/srv/win32builder/fixed_3104/build/win64/bin:/srv/win32builder/fixed_3104/build/win64/lib64:/srv/win32builder/fixed_3104/libs/13_libxml2/libxml2-2.8.0/.libs'
libtool: link: Continuing, but uninstalled executables may not work.
  CC     reader4.o
  CCLD   reader4.exe
libtool: link: Could not determine the host path corresponding to
libtool: link:   `/srv/win32builder/fixed_3104/libs/13_libxml2/libxml2-2.8.0/.libs:/srv/win32builder/fixed_3104/build/win64/lib'
libtool: link: Continuing, but uninstalled executables may not work.
libtool: link: Could not determine the host path corresponding to
libtool: link:   `/srv/win32builder/fixed_3104/build/win64/lib:/srv/win32builder/fixed_3104/build/win64/bin:/srv/win32builder/fixed_3104/build/win64/lib64:/srv/win32builder/fixed_3104/libs/13_libxml2/libxml2-2.8.0/.libs'
libtool: link: Continuing, but uninstalled executables may not work.
  CC     parse2.o
  CCLD   parse2.exe
libtool: link: Could not determine the host path corresponding to
libtool: link:   `/srv/win32builder/fixed_3104/libs/13_libxml2/libxml2-2.8.0/.libs:/srv/win32builder/fixed_3104/build/win64/lib'
libtool: link: Continuing, but uninstalled executables may not work.
libtool: link: Could not determine the host path corresponding to
libtool: link:   `/srv/win32builder/fixed_3104/build/win64/lib:/srv/win32builder/fixed_3104/build/win64/bin:/srv/win32builder/fixed_3104/build/win64/lib64:/srv/win32builder/fixed_3104/libs/13_libxml2/libxml2-2.8.0/.libs'
libtool: link: Continuing, but uninstalled executables may not work.
  CC     reader2.o
  CCLD   reader2.exe
libtool: link: Could not determine the host path corresponding to
libtool: link:   `/srv/win32builder/fixed_3104/libs/13_libxml2/libxml2-2.8.0/.libs:/srv/win32builder/fixed_3104/build/win64/lib'
libtool: link: Continuing, but uninstalled executables may not work.
libtool: link: Could not determine the host path corresponding to
libtool: link:   `/srv/win32builder/fixed_3104/build/win64/lib:/srv/win32builder/fixed_3104/build/win64/bin:/srv/win32builder/fixed_3104/build/win64/lib64:/srv/win32builder/fixed_3104/libs/13_libxml2/libxml2-2.8.0/.libs'
libtool: link: Continuing, but uninstalled executables may not work.
  CC     parse3.o
  CCLD   parse3.exe
libtool: link: Could not determine the host path corresponding to
libtool: link:   `/srv/win32builder/fixed_3104/libs/13_libxml2/libxml2-2.8.0/.libs:/srv/win32builder/fixed_3104/build/win64/lib'
libtool: link: Continuing, but uninstalled executables may not work.
libtool: link: Could not determine the host path corresponding to
libtool: link:   `/srv/win32builder/fixed_3104/build/win64/lib:/srv/win32builder/fixed_3104/build/win64/bin:/srv/win32builder/fixed_3104/build/win64/lib64:/srv/win32builder/fixed_3104/libs/13_libxml2/libxml2-2.8.0/.libs'
libtool: link: Continuing, but uninstalled executables may not work.
  CC     reader3.o
  CCLD   reader3.exe
libtool: link: Could not determine the host path corresponding to
libtool: link:   `/srv/win32builder/fixed_3104/libs/13_libxml2/libxml2-2.8.0/.libs:/srv/win32builder/fixed_3104/build/win64/lib'
libtool: link: Continuing, but uninstalled executables may not work.
libtool: link: Could not determine the host path corresponding to
libtool: link:   `/srv/win32builder/fixed_3104/build/win64/lib:/srv/win32builder/fixed_3104/build/win64/bin:/srv/win32builder/fixed_3104/build/win64/lib64:/srv/win32builder/fixed_3104/libs/13_libxml2/libxml2-2.8.0/.libs'
libtool: link: Continuing, but uninstalled executables may not work.
  CC     tree2.o
  CCLD   tree2.exe
libtool: link: Could not determine the host path corresponding to
libtool: link:   `/srv/win32builder/fixed_3104/libs/13_libxml2/libxml2-2.8.0/.libs:/srv/win32builder/fixed_3104/build/win64/lib'
libtool: link: Continuing, but uninstalled executables may not work.
libtool: link: Could not determine the host path corresponding to
libtool: link:   `/srv/win32builder/fixed_3104/build/win64/lib:/srv/win32builder/fixed_3104/build/win64/bin:/srv/win32builder/fixed_3104/build/win64/lib64:/srv/win32builder/fixed_3104/libs/13_libxml2/libxml2-2.8.0/.libs'
libtool: link: Continuing, but uninstalled executables may not work.
  CC     parse4.o
  CCLD   parse4.exe
libtool: link: Could not determine the host path corresponding to
libtool: link:   `/srv/win32builder/fixed_3104/libs/13_libxml2/libxml2-2.8.0/.libs:/srv/win32builder/fixed_3104/build/win64/lib'
libtool: link: Continuing, but uninstalled executables may not work.
libtool: link: Could not determine the host path corresponding to
libtool: link:   `/srv/win32builder/fixed_3104/build/win64/lib:/srv/win32builder/fixed_3104/build/win64/bin:/srv/win32builder/fixed_3104/build/win64/lib64:/srv/win32builder/fixed_3104/libs/13_libxml2/libxml2-2.8.0/.libs'
libtool: link: Continuing, but uninstalled executables may not work.
  CC     io2.o
  CCLD   io2.exe
libtool: link: Could not determine the host path corresponding to
libtool: link:   `/srv/win32builder/fixed_3104/libs/13_libxml2/libxml2-2.8.0/.libs:/srv/win32builder/fixed_3104/build/win64/lib'
libtool: link: Continuing, but uninstalled executables may not work.
libtool: link: Could not determine the host path corresponding to
libtool: link:   `/srv/win32builder/fixed_3104/build/win64/lib:/srv/win32builder/fixed_3104/build/win64/bin:/srv/win32builder/fixed_3104/build/win64/lib64:/srv/win32builder/fixed_3104/libs/13_libxml2/libxml2-2.8.0/.libs'
libtool: link: Continuing, but uninstalled executables may not work.
  CC     testWriter.o
  CCLD   testWriter.exe
libtool: link: Could not determine the host path corresponding to
libtool: link:   `/srv/win32builder/fixed_3104/libs/13_libxml2/libxml2-2.8.0/.libs:/srv/win32builder/fixed_3104/build/win64/lib'
libtool: link: Continuing, but uninstalled executables may not work.
libtool: link: Could not determine the host path corresponding to
libtool: link:   `/srv/win32builder/fixed_3104/build/win64/lib:/srv/win32builder/fixed_3104/build/win64/bin:/srv/win32builder/fixed_3104/build/win64/lib64:/srv/win32builder/fixed_3104/libs/13_libxml2/libxml2-2.8.0/.libs'
libtool: link: Continuing, but uninstalled executables may not work.
  CC     io1.o
  CCLD   io1.exe
libtool: link: Could not determine the host path corresponding to
libtool: link:   `/srv/win32builder/fixed_3104/libs/13_libxml2/libxml2-2.8.0/.libs:/srv/win32builder/fixed_3104/build/win64/lib'
libtool: link: Continuing, but uninstalled executables may not work.
libtool: link: Could not determine the host path corresponding to
libtool: link:   `/srv/win32builder/fixed_3104/build/win64/lib:/srv/win32builder/fixed_3104/build/win64/bin:/srv/win32builder/fixed_3104/build/win64/lib64:/srv/win32builder/fixed_3104/libs/13_libxml2/libxml2-2.8.0/.libs'
libtool: link: Continuing, but uninstalled executables may not work.
  CC     xpath1.o
  CCLD   xpath1.exe
libtool: link: Could not determine the host path corresponding to
libtool: link:   `/srv/win32builder/fixed_3104/libs/13_libxml2/libxml2-2.8.0/.libs:/srv/win32builder/fixed_3104/build/win64/lib'
libtool: link: Continuing, but uninstalled executables may not work.
libtool: link: Could not determine the host path corresponding to
libtool: link:   `/srv/win32builder/fixed_3104/build/win64/lib:/srv/win32builder/fixed_3104/build/win64/bin:/srv/win32builder/fixed_3104/build/win64/lib64:/srv/win32builder/fixed_3104/libs/13_libxml2/libxml2-2.8.0/.libs'
libtool: link: Continuing, but uninstalled executables may not work.
  CC     parse1.o
  CCLD   parse1.exe
libtool: link: Could not determine the host path corresponding to
libtool: link:   `/srv/win32builder/fixed_3104/libs/13_libxml2/libxml2-2.8.0/.libs:/srv/win32builder/fixed_3104/build/win64/lib'
libtool: link: Continuing, but uninstalled executables may not work.
libtool: link: Could not determine the host path corresponding to
libtool: link:   `/srv/win32builder/fixed_3104/build/win64/lib:/srv/win32builder/fixed_3104/build/win64/bin:/srv/win32builder/fixed_3104/build/win64/lib64:/srv/win32builder/fixed_3104/libs/13_libxml2/libxml2-2.8.0/.libs'
libtool: link: Continuing, but uninstalled executables may not work.
  CC     tree1.o
  CCLD   tree1.exe
libtool: link: Could not determine the host path corresponding to
libtool: link:   `/srv/win32builder/fixed_3104/libs/13_libxml2/libxml2-2.8.0/.libs:/srv/win32builder/fixed_3104/build/win64/lib'
libtool: link: Continuing, but uninstalled executables may not work.
libtool: link: Could not determine the host path corresponding to
libtool: link:   `/srv/win32builder/fixed_3104/build/win64/lib:/srv/win32builder/fixed_3104/build/win64/bin:/srv/win32builder/fixed_3104/build/win64/lib64:/srv/win32builder/fixed_3104/libs/13_libxml2/libxml2-2.8.0/.libs'
libtool: link: Continuing, but uninstalled executables may not work.
make[3]: Leaving directory `/srv/win32builder/fixed_3104/libs/13_libxml2/libxml2-2.8.0/doc/examples'
make[3]: Entering directory `/srv/win32builder/fixed_3104/libs/13_libxml2/libxml2-2.8.0/doc'
make[3]: Nothing to be done for `all-am'.
make[3]: Leaving directory `/srv/win32builder/fixed_3104/libs/13_libxml2/libxml2-2.8.0/doc'
make[2]: Leaving directory `/srv/win32builder/fixed_3104/libs/13_libxml2/libxml2-2.8.0/doc'
Making all in example
make[2]: Entering directory `/srv/win32builder/fixed_3104/libs/13_libxml2/libxml2-2.8.0/example'
  CC     gjobread.o
  CCLD   gjobread.exe
libtool: link: Could not determine the host path corresponding to
libtool: link:   `/srv/win32builder/fixed_3104/libs/13_libxml2/libxml2-2.8.0/.libs:/srv/win32builder/fixed_3104/build/win64/lib'
libtool: link: Continuing, but uninstalled executables may not work.
libtool: link: Could not determine the host path corresponding to
libtool: link:   `/srv/win32builder/fixed_3104/build/win64/lib:/srv/win32builder/fixed_3104/build/win64/bin:/srv/win32builder/fixed_3104/build/win64/lib64:/srv/win32builder/fixed_3104/libs/13_libxml2/libxml2-2.8.0/.libs'
libtool: link: Continuing, but uninstalled executables may not work.
make[2]: Leaving directory `/srv/win32builder/fixed_3104/libs/13_libxml2/libxml2-2.8.0/example'
Making all in xstc
make[2]: Entering directory `/srv/win32builder/fixed_3104/libs/13_libxml2/libxml2-2.8.0/xstc'
make[2]: Nothing to be done for `all'.
make[2]: Leaving directory `/srv/win32builder/fixed_3104/libs/13_libxml2/libxml2-2.8.0/xstc'
make[1]: Leaving directory `/srv/win32builder/fixed_3104/libs/13_libxml2/libxml2-2.8.0'
